<?xml version="1.0" encoding="UTF-8"?>
<!-- Generated by org.testng.reporters.JUnitXMLReporter -->
<testsuite ignored="0" hostname="Parth" failures="0" tests="6" name="Test" time="2.223" errors="0" timestamp="2023-01-06T20:04:10 EST">
  <testcase classname="tests.DeleteAPITest" name="deleteAPITest" time="0.705"/>
  <testcase classname="tests.GetAPITest" name="getAPITest" time="0.166"/>
  <testcase classname="tests.GetAPITest" name="getAPITestWithHeaders" time="0.1"/>
  <testcase classname="tests.PatchAPITest" name="patchAPITest" time="0.578"/>
  <testcase classname="tests.PostAPITest" name="postAPITest" time="0.35"/>
  <testcase classname="tests.PutAPITest" name="putAPITest" time="0.291"/>
</testsuite> <!-- Test -->
