<?xml version="1.0" encoding="UTF-8"?>
<testng-results ignored="0" total="6" passed="6" failed="0" skipped="0">
  <reporter-output>
  </reporter-output>
  <suite started-at="2023-01-06T20:04:08 EST" name="Suite" finished-at="2023-01-06T20:04:10 EST" duration-ms="2223">
    <groups>
    </groups>
    <test started-at="2023-01-06T20:04:08 EST" name="Test" finished-at="2023-01-06T20:04:10 EST" duration-ms="2223">
      <class name="tests.PatchAPITest">
        <test-method signature="patchAPITest()[pri:1, instance:tests.PatchAPITest@71def8f8]" started-at="2023-01-06T20:04:09 EST" name="patchAPITest" finished-at="2023-01-06T20:04:10 EST" duration-ms="578" status="PASS">
          <reporter-output>
          </reporter-output>
        </test-method> <!-- patchAPITest -->
        <test-method is-config="true" signature="setUp()[pri:0, instance:tests.PatchAPITest@71def8f8]" started-at="2023-01-06T20:04:09 EST" name="setUp" finished-at="2023-01-06T20:04:09 EST" duration-ms="0" status="PASS">
          <reporter-output>
          </reporter-output>
        </test-method> <!-- setUp -->
      </class> <!-- tests.PatchAPITest -->
      <class name="tests.PostAPITest">
        <test-method is-config="true" signature="setUp()[pri:0, instance:tests.PostAPITest@383bfa16]" started-at="2023-01-06T20:04:10 EST" name="setUp" finished-at="2023-01-06T20:04:10 EST" duration-ms="0" status="PASS">
          <reporter-output>
          </reporter-output>
        </test-method> <!-- setUp -->
        <test-method signature="postAPITest()[pri:1, instance:tests.PostAPITest@383bfa16]" started-at="2023-01-06T20:04:10 EST" name="postAPITest" finished-at="2023-01-06T20:04:10 EST" duration-ms="350" status="PASS">
          <reporter-output>
          </reporter-output>
        </test-method> <!-- postAPITest -->
      </class> <!-- tests.PostAPITest -->
      <class name="tests.GetAPITest">
        <test-method is-config="true" signature="setUp()[pri:0, instance:tests.GetAPITest@16610890]" started-at="2023-01-06T20:04:09 EST" name="setUp" finished-at="2023-01-06T20:04:09 EST" duration-ms="0" status="PASS">
          <reporter-output>
          </reporter-output>
        </test-method> <!-- setUp -->
        <test-method signature="getAPITest()[pri:1, instance:tests.GetAPITest@16610890]" started-at="2023-01-06T20:04:09 EST" name="getAPITest" finished-at="2023-01-06T20:04:09 EST" duration-ms="166" status="PASS">
          <reporter-output>
          </reporter-output>
        </test-method> <!-- getAPITest -->
        <test-method is-config="true" signature="setUp()[pri:0, instance:tests.GetAPITest@16610890]" started-at="2023-01-06T20:04:09 EST" name="setUp" finished-at="2023-01-06T20:04:09 EST" duration-ms="0" status="PASS">
          <reporter-output>
          </reporter-output>
        </test-method> <!-- setUp -->
        <test-method signature="getAPITestWithHeaders()[pri:2, instance:tests.GetAPITest@16610890]" started-at="2023-01-06T20:04:09 EST" name="getAPITestWithHeaders" finished-at="2023-01-06T20:04:09 EST" duration-ms="100" status="PASS">
          <reporter-output>
          </reporter-output>
        </test-method> <!-- getAPITestWithHeaders -->
      </class> <!-- tests.GetAPITest -->
      <class name="tests.PutAPITest">
        <test-method signature="putAPITest()[pri:1, instance:tests.PutAPITest@4d465b11]" started-at="2023-01-06T20:04:10 EST" name="putAPITest" finished-at="2023-01-06T20:04:10 EST" duration-ms="291" status="PASS">
          <reporter-output>
          </reporter-output>
        </test-method> <!-- putAPITest -->
        <test-method is-config="true" signature="setUp()[pri:0, instance:tests.PutAPITest@4d465b11]" started-at="2023-01-06T20:04:10 EST" name="setUp" finished-at="2023-01-06T20:04:10 EST" duration-ms="0" status="PASS">
          <reporter-output>
          </reporter-output>
        </test-method> <!-- setUp -->
      </class> <!-- tests.PutAPITest -->
      <class name="tests.DeleteAPITest">
        <test-method is-config="true" signature="setUp()[pri:0, instance:tests.DeleteAPITest@247d8ae]" started-at="2023-01-06T20:04:08 EST" name="setUp" finished-at="2023-01-06T20:04:08 EST" duration-ms="3" status="PASS">
          <reporter-output>
          </reporter-output>
        </test-method> <!-- setUp -->
        <test-method signature="deleteAPITest()[pri:1, instance:tests.DeleteAPITest@247d8ae]" started-at="2023-01-06T20:04:08 EST" name="deleteAPITest" finished-at="2023-01-06T20:04:09 EST" duration-ms="705" status="PASS">
          <reporter-output>
          </reporter-output>
        </test-method> <!-- deleteAPITest -->
      </class> <!-- tests.DeleteAPITest -->
    </test> <!-- Test -->
  </suite> <!-- Suite -->
</testng-results>
